d:\programprojects\egghead_ai\cpp-src\windows\windows\debug\vc142.pdb
d:\programprojects\egghead_ai\cpp-src\windows\windows\debug\vc142.idb
d:\programprojects\egghead_ai\cpp-src\windows\windows\debug\network.obj
d:\programprojects\egghead_ai\cpp-src\windows\windows\debug\main.obj
d:\programprojects\egghead_ai\cpp-src\windows\windows\debug\layer.obj
d:\programprojects\egghead_ai\cpp-src\windows\windows\debug\node.obj
d:\programprojects\egghead_ai\cpp-src\windows\windows\debug\pipe.obj
d:\programprojects\egghead_ai\cpp-src\windows\windows\debug\state.obj
d:\programprojects\egghead_ai\cpp-src\windows\debug\windows.exe
d:\programprojects\egghead_ai\cpp-src\windows\debug\windows.ilk
d:\programprojects\egghead_ai\cpp-src\windows\debug\windows.pdb
d:\programprojects\egghead_ai\cpp-src\windows\windows\debug\layer.obj.enc
d:\programprojects\egghead_ai\cpp-src\windows\windows\debug\main.obj.enc
d:\programprojects\egghead_ai\cpp-src\windows\windows\debug\network.obj.enc
d:\programprojects\egghead_ai\cpp-src\windows\windows\debug\node.obj.enc
d:\programprojects\egghead_ai\cpp-src\windows\windows\debug\windows.tlog\cl.command.1.tlog
d:\programprojects\egghead_ai\cpp-src\windows\windows\debug\windows.tlog\cl.read.1.tlog
d:\programprojects\egghead_ai\cpp-src\windows\windows\debug\windows.tlog\cl.write.1.tlog
d:\programprojects\egghead_ai\cpp-src\windows\windows\debug\windows.tlog\link.command.1.tlog
d:\programprojects\egghead_ai\cpp-src\windows\windows\debug\windows.tlog\link.read.1.tlog
d:\programprojects\egghead_ai\cpp-src\windows\windows\debug\windows.tlog\link.write.1.tlog
