  layer.cpp
D:\ProgramProjects\Egghead_AI\Cpp-Src\Main\layer.cpp(19,31): warning C4018: '<': signed/unsigned mismatch
D:\ProgramProjects\Egghead_AI\Cpp-Src\Main\layer.cpp(25,31): warning C4018: '<': signed/unsigned mismatch
  main.cpp
D:\ProgramProjects\Egghead_AI\Cpp-Src\Main\test_case.hpp(26,21): warning C4018: '<': signed/unsigned mismatch
D:\ProgramProjects\Egghead_AI\Cpp-Src\Main\test_case.hpp(30,21): warning C4018: '<': signed/unsigned mismatch
D:\ProgramProjects\Egghead_AI\Cpp-Src\Main\test_case.hpp(66,21): warning C4018: '<': signed/unsigned mismatch
D:\ProgramProjects\Egghead_AI\Cpp-Src\Main\test_case.hpp(68,22): warning C4018: '<': signed/unsigned mismatch
D:\ProgramProjects\Egghead_AI\Cpp-Src\Main\test_case.hpp(74,21): warning C4018: '<': signed/unsigned mismatch
D:\ProgramProjects\Egghead_AI\Cpp-Src\Main\test_case.hpp(76,22): warning C4018: '<': signed/unsigned mismatch
D:\ProgramProjects\Egghead_AI\Cpp-Src\Main\main.cpp(30,31): warning C4018: '<': signed/unsigned mismatch
D:\ProgramProjects\Egghead_AI\Cpp-Src\Main\main.cpp(48,31): warning C4018: '<': signed/unsigned mismatch
  network.cpp
D:\ProgramProjects\Egghead_AI\Cpp-Src\Main\network.cpp(5,31): warning C4018: '<': signed/unsigned mismatch
D:\ProgramProjects\Egghead_AI\Cpp-Src\Main\network.cpp(7,31): warning C4018: '<': signed/unsigned mismatch
D:\ProgramProjects\Egghead_AI\Cpp-Src\Main\network.cpp(9,31): warning C4018: '<': signed/unsigned mismatch
D:\ProgramProjects\Egghead_AI\Cpp-Src\Main\network.cpp(11,31): warning C4018: '<': signed/unsigned mismatch
D:\ProgramProjects\Egghead_AI\Cpp-Src\Main\network.cpp(18,31): warning C4018: '<': signed/unsigned mismatch
D:\ProgramProjects\Egghead_AI\Cpp-Src\Main\network.cpp(97,31): warning C4018: '<': signed/unsigned mismatch
  node.cpp
D:\ProgramProjects\Egghead_AI\Cpp-Src\Main\node.cpp(6,31): warning C4018: '<': signed/unsigned mismatch
D:\ProgramProjects\Egghead_AI\Cpp-Src\Main\node.cpp(67,31): warning C4018: '<': signed/unsigned mismatch
D:\ProgramProjects\Egghead_AI\Cpp-Src\Main\node.cpp(72,31): warning C4018: '<': signed/unsigned mismatch
D:\ProgramProjects\Egghead_AI\Cpp-Src\Main\node.cpp(85,31): warning C4018: '<': signed/unsigned mismatch
  pipe.cpp
  state.cpp
  Generating Code...
  Windows.vcxproj -> D:\ProgramProjects\Egghead_AI\Cpp-Src\Windows\Debug\Windows.exe
